<?xml version="1.0" encoding="UTF-8"?>
<!-- Generated by org.testng.reporters.JUnitReportReporter -->
<testsuite skipped="0" hostname="IND-CHN-LT10722" name="apiDemo.getAndPostExamples" tests="1" failures="0" timestamp="2021-09-20T20:27:43 IST" time="3.951" errors="0">
  <testcase name="postCall" time="3.951" classname="apiDemo.getAndPostExamples"/>
  <system-out/>
</testsuite> <!-- apiDemo.getAndPostExamples -->
