<?xml version="1.0" encoding="UTF-8"?>
<!-- Generated by org.testng.reporters.JUnitReportReporter -->
<testsuite skipped="0" hostname="IND-CHN-LT10722" name="I_Project.FirstTest" tests="1" failures="0" timestamp="2021-09-22T22:36:30 IST" time="26.280" errors="0">
  <testcase name="getAuthToken" time="26.280" classname="I_Project.FirstTest"/>
  <system-out/>
</testsuite> <!-- I_Project.FirstTest -->
